2021-05-29T00:22:47.597Z [my-bank-api] info: API STARTED
2021-05-29T00:25:16.246Z [my-bank-api] error: ENOENT: no such file or directory, open 'C:\workspace\backend-igti\I-modulo\my-bank-api\accounts.json'
2021-05-29T00:25:42.839Z [my-bank-api] info: API STARTED and File Created

2021-05-29T00:31:29.539Z [my-bank-api] info: API STARTED
2021-05-29T00:31:43.291Z [my-bank-api] info: GET /account
2021-05-29T00:31:54.885Z [my-bank-api] info: POST /account - {"id":1,"name":"Adilson","balance":1500.5}
2021-05-29T00:32:00.023Z [my-bank-api] info: POST /account - {"id":2,"name":"Tayanne","balance":1500.5}
2021-05-29T00:32:11.189Z [my-bank-api] info: PUT /account - {"id":2,"name":"Hanna Luz","balance":150550.5}
2021-05-29T00:36:21.080Z [my-bank-api] info: API STARTED
2021-05-29T00:36:47.080Z [my-bank-api] error: Name and Balance are required.
2021-05-29T00:37:01.306Z [my-bank-api] error: Name and Balance are required.
2021-05-29T00:37:36.514Z [my-bank-api] info: API STARTED
2021-05-29T15:52:22.460Z [my-bank-api] info: API STARTED
2021-05-29T16:00:52.516Z [my-bank-api] info: API STARTED
2021-05-29T16:01:22.524Z [my-bank-api] info: POST /account - {"id":3,"name":"Tayanne","balance":1500.5}
2021-05-29T16:04:56.488Z [my-bank-api] info: API STARTED
2021-05-29T16:11:47.021Z [my-bank-api] info: API STARTED
2021-05-29T16:11:54.862Z [my-bank-api] info: GET /account
2021-05-29T16:11:58.223Z [my-bank-api] info: GET /account/:id
2021-05-29T16:12:04.072Z [my-bank-api] info: DELETE /account - 3
2021-05-29T16:12:26.643Z [my-bank-api] info: PUT /account - {"id":2,"name":"Hanna Luz","balance":1345.5}
2021-05-29T16:12:36.247Z [my-bank-api] info: PATCH /account/updateBalance - {"id":1,"balance":1000000}
2021-05-29T16:15:01.735Z [my-bank-api] info: API STARTED
2021-05-29T16:22:23.632Z [my-bank-api] info: API STARTED
2021-05-29T16:22:29.122Z [my-bank-api] info: API STARTED
2021-05-29T16:28:22.557Z [my-bank-api] info: API STARTED
2021-05-29T16:28:39.757Z [my-bank-api] error: readFile is not defined
2021-05-29T16:28:55.049Z [my-bank-api] info: API STARTED
2021-05-29T16:28:56.674Z [my-bank-api] info: API STARTED
2021-05-29T16:29:01.057Z [my-bank-api] info: POST /account - {"id":4,"name":"Another","balance":1500.5}
2021-05-29T16:46:51.573Z [my-bank-api] info: API STARTED
2021-05-29T16:47:01.686Z [my-bank-api] info: GET /account
2021-05-29T16:47:05.885Z [my-bank-api] error: id is not defined
2021-05-29T16:47:38.541Z [my-bank-api] info: API STARTED
2021-05-29T16:47:41.101Z [my-bank-api] info: GET /account/:id
2021-05-29T16:48:05.730Z [my-bank-api] info: POST /account - {"id":5,"name":"Another one","balance":1500.5}
2021-05-29T16:48:15.060Z [my-bank-api] error: Assignment to constant variable.
2021-05-29T16:48:30.801Z [my-bank-api] info: API STARTED
2021-05-29T16:48:34.230Z [my-bank-api] info: API STARTED
2021-05-29T16:48:39.690Z [my-bank-api] info: PUT /account - {"id":2,"name":"Hanna R Luz","balance":1345.5}
2021-05-29T16:48:47.988Z [my-bank-api] info: PATCH /account/updateBalance - {"id":1,"name":"Adilson","balance":10000}
2021-05-29T16:49:03.151Z [my-bank-api] info: DELETE /account - 4
2021-05-29T17:08:53.786Z [my-bank-api] info: API STARTED
2021-05-29T17:22:05.759Z [my-bank-api] info: API STARTED
2021-05-29T17:22:20.307Z [my-bank-api] info: PATCH /account/updateBalance - {"id":1,"name":"Adilson","balance":{"id":1,"balance":0}}
2021-05-29T17:23:06.092Z [my-bank-api] error: AccountRepository.updateAccount is not a function
2021-05-29T17:23:39.925Z [my-bank-api] info: API STARTED
2021-05-29T17:23:42.180Z [my-bank-api] info: PUT /account - {"id":2,"name":"Hanna R Luz","balance":1345.5}
2021-05-29T17:23:46.801Z [my-bank-api] error: Registro não encontrado
2021-05-29T17:23:52.086Z [my-bank-api] error: Registro não encontrado
2021-05-29T17:24:05.851Z [my-bank-api] info: POST /account - {"id":6,"name":"Another one","balance":1500.5}
2021-05-29T17:24:14.560Z [my-bank-api] info: PUT /account - {"id":6,"name":"Hanna R Luz","balance":1345.5}
2021-05-29T17:24:23.232Z [my-bank-api] error: AccountRepository.updateAccont is not a function
2021-05-29T17:24:39.317Z [my-bank-api] info: API STARTED
2021-05-29T17:24:43.913Z [my-bank-api] error: AccountRepository.updateAccont is not a function
2021-05-29T17:24:56.716Z [my-bank-api] info: API STARTED
2021-05-29T17:24:57.704Z [my-bank-api] info: PATCH /account/updateBalance - {"id":6,"name":"Hanna R Luz","balance":{"id":6,"balance":0}}
2021-05-29T17:25:15.118Z [my-bank-api] info: PATCH /account/updateBalance - {"id":1,"name":"Adilson","balance":{"id":1,"balance":0}}
2021-05-29T17:25:24.256Z [my-bank-api] info: DELETE /account - 6
2021-05-29T17:25:46.545Z [my-bank-api] info: API STARTED
2021-05-29T17:26:05.044Z [my-bank-api] info: PATCH /account/updateBalance - {"id":1,"name":"Adilson","balance":10}
2021-05-31T13:14:27.236Z [my-bank-api] info: API STARTED
